<?xml version="1.0" encoding="UTF-8"?>
<!-- Generated by org.testng.reporters.JUnitXMLReporter -->
<testsuite ignored="0" hostname="BhavikThaker" failures="0" tests="19" name="Surefire test" time="156.946" errors="0" timestamp="2023-02-15T11:45:14 EST">
  <testcase classname="com.etsy.qa.tests.ClothingPageTest" name="verifyTitleTest" time="0.043"/>
  <testcase classname="com.etsy.qa.tests.ClothingPageTest" name="ClothValidateLogoTest" time="0.042"/>
  <testcase classname="com.etsy.qa.tests.ClothingPageTest" name="sortinbytest" time="1.529"/>
  <testcase classname="com.etsy.qa.tests.ClothingPageTest" name="Filterbytest" time="2.534"/>
  <testcase classname="com.etsy.qa.tests.HomePageTests" name="verifyTitleTest" time="0.011"/>
  <testcase classname="com.etsy.qa.tests.HomePageTests" name="ClickOnJewelleryLinkTest" time="7.192"/>
  <testcase classname="com.etsy.qa.tests.HomePageTests" name="ClickOnClothinglinkTest" time="6.611"/>
  <testcase classname="com.etsy.qa.tests.HomePageTests" name="CValidateLogoTest" time="0.037"/>
  <testcase classname="com.etsy.qa.tests.HomePageTests" name="CValidateUsernameTest" time="2.834"/>
  <testcase classname="com.etsy.qa.tests.JewelleryPageTest" name="verifyTitleTest" time="0.031"/>
  <testcase classname="com.etsy.qa.tests.JewelleryPageTest" name="JValidateLogoTest" time="0.055"/>
  <testcase classname="com.etsy.qa.tests.JewelleryPageTest" name="sortinbytest" time="0.099"/>
  <testcase classname="com.etsy.qa.tests.JewelleryPageTest" name="Filterbytest" time="2.37"/>
  <testcase classname="com.etsy.qa.tests.RegistrationTest" name="verifycreatenewregistration" time="0.279"/>
  <testcase classname="com.etsy.qa.tests.RegistrationTest" name="verifycreatenewregistration" time="0.278"/>
  <testcase classname="com.etsy.qa.tests.RegistrationTest" name="verifycreatenewregistration" time="0.273"/>
  <testcase classname="com.etsy.qa.tests.SignInTest" name="ClickOnSignInTest" time="0.082"/>
  <testcase classname="com.etsy.qa.tests.SignInTest" name="SignInTest1" time="0.729"/>
  <testcase classname="com.etsy.qa.tests.SignInTest" name="ClickOnRegistrationTest" time="0.452"/>
</testsuite> <!-- Surefire test -->
