<?xml version="1.0" encoding="UTF-8"?>
<!-- Generated by org.testng.reporters.JUnitXMLReporter -->
<testsuite ignored="0" hostname="BhavikThaker" failures="0" tests="3" name="Default test" time="26.747" errors="0" timestamp="2023-02-14T13:59:04 EST">
  <testcase classname="com.etsy.qa.tests.RegistrationTest" name="verifycreatenewregistration" time="0.289"/>
  <testcase classname="com.etsy.qa.tests.RegistrationTest" name="verifycreatenewregistration" time="0.303"/>
  <testcase classname="com.etsy.qa.tests.RegistrationTest" name="verifycreatenewregistration" time="0.27"/>
</testsuite> <!-- Default test -->
