<?xml version="1.0" encoding="UTF-8"?>
<!-- Generated by org.testng.reporters.JUnitXMLReporter -->
<testsuite ignored="0" hostname="BhavikThaker" failures="0" tests="19" name="ETSY Test Cases" time="165.547" errors="0" timestamp="2023-02-15T09:26:05 EST">
  <testcase classname="com.etsy.qa.tests.SignInTest" name="ClickOnSignInTest" time="0.085"/>
  <testcase classname="com.etsy.qa.tests.SignInTest" name="SignInTest1" time="0.708"/>
  <testcase classname="com.etsy.qa.tests.SignInTest" name="ClickOnRegistrationTest" time="0.28"/>
  <testcase classname="com.etsy.qa.tests.HomePageTests" name="verifyTitleTest" time="0.008"/>
  <testcase classname="com.etsy.qa.tests.HomePageTests" name="ClickOnJewelleryLinkTest" time="7.355"/>
  <testcase classname="com.etsy.qa.tests.HomePageTests" name="ClickOnClothinglinkTest" time="6.771"/>
  <testcase classname="com.etsy.qa.tests.HomePageTests" name="CValidateLogoTest" time="0.037"/>
  <testcase classname="com.etsy.qa.tests.HomePageTests" name="CValidateUsernameTest" time="2.977"/>
  <testcase classname="com.etsy.qa.tests.RegistrationTest" name="verifycreatenewregistration" time="0.278"/>
  <testcase classname="com.etsy.qa.tests.RegistrationTest" name="verifycreatenewregistration" time="0.275"/>
  <testcase classname="com.etsy.qa.tests.RegistrationTest" name="verifycreatenewregistration" time="0.266"/>
  <testcase classname="com.etsy.qa.tests.JewelleryPageTest" name="verifyTitleTest" time="0.033"/>
  <testcase classname="com.etsy.qa.tests.JewelleryPageTest" name="JValidateLogoTest" time="0.096"/>
  <testcase classname="com.etsy.qa.tests.JewelleryPageTest" name="sortinbytest" time="0.145"/>
  <testcase classname="com.etsy.qa.tests.JewelleryPageTest" name="Filterbytest" time="2.126"/>
  <testcase classname="com.etsy.qa.tests.ClothingPageTest" name="verifyTitleTest" time="0.037"/>
  <testcase classname="com.etsy.qa.tests.ClothingPageTest" name="ClothValidateLogoTest" time="0.084"/>
  <testcase classname="com.etsy.qa.tests.ClothingPageTest" name="sortinbytest" time="1.747"/>
  <testcase classname="com.etsy.qa.tests.ClothingPageTest" name="Filterbytest" time="2.411"/>
</testsuite> <!-- ETSY Test Cases -->
