<?xml version="1.0" encoding="UTF-8"?>
<testsuite xmlns:xsi="http://www.w3.org/2001/XMLSchema-instance" xsi:noNamespaceSchemaLocation="https://maven.apache.org/surefire/maven-surefire-plugin/xsd/surefire-test-report.xsd" name="TestSuite" time="157.594" tests="19" errors="0" skipped="0" failures="0">
  <properties>
[...]
</properties>
  <testcase name="verifyTitleTest" classname="com.etsy.qa.tests.ClothingPageTest" time="0.047"/>
  <testcase name="ClothValidateLogoTest" classname="com.etsy.qa.tests.ClothingPageTest" time="0.042"/>
  <testcase name="sortinbytest" classname="com.etsy.qa.tests.ClothingPageTest" time="1.528"/>
  <testcase name="Filterbytest" classname="com.etsy.qa.tests.ClothingPageTest" time="2.534"/>
  <testcase name="verifyTitleTest" classname="com.etsy.qa.tests.HomePageTests" time="0.011"/>
  <testcase name="ClickOnJewelleryLinkTest" classname="com.etsy.qa.tests.HomePageTests" time="7.191"/>
  <testcase name="ClickOnClothinglinkTest" classname="com.etsy.qa.tests.HomePageTests" time="6.611"/>
  <testcase name="CValidateLogoTest" classname="com.etsy.qa.tests.HomePageTests" time="0.038"/>
  <testcase name="CValidateUsernameTest" classname="com.etsy.qa.tests.HomePageTests" time="2.833"/>
  <testcase name="verifyTitleTest" classname="com.etsy.qa.tests.JewelleryPageTest" time="0.032"/>
  <testcase name="JValidateLogoTest" classname="com.etsy.qa.tests.JewelleryPageTest" time="0.055"/>
  <testcase name="sortinbytest" classname="com.etsy.qa.tests.JewelleryPageTest" time="0.098"/>
  <testcase name="Filterbytest" classname="com.etsy.qa.tests.JewelleryPageTest" time="2.37"/>
  <testcase name="verifycreatenewregistration" classname="com.etsy.qa.tests.RegistrationTest" time="0.28"/>
  <testcase name="verifycreatenewregistration" classname="com.etsy.qa.tests.RegistrationTest" time="0.279"/>
  <testcase name="verifycreatenewregistration" classname="com.etsy.qa.tests.RegistrationTest" time="0.273"/>
  <testcase name="ClickOnSignInTest" classname="com.etsy.qa.tests.SignInTest" time="0.082"/>
  <testcase name="SignInTest1" classname="com.etsy.qa.tests.SignInTest" time="0.728"/>
  <testcase name="ClickOnRegistrationTest" classname="com.etsy.qa.tests.SignInTest" time="0.451"/>
</testsuite>