<?xml version="1.0" encoding="UTF-8"?>
<testng-results ignored="0" total="19" passed="19" failed="0" skipped="0">
  <reporter-output>
  </reporter-output>
  <suite started-at="2023-02-15T11:42:37 EST" name="Surefire suite" finished-at="2023-02-15T11:45:14 EST" duration-ms="156946">
    <groups>
    </groups>
    <test started-at="2023-02-15T11:42:37 EST" name="Surefire test" finished-at="2023-02-15T11:45:14 EST" duration-ms="156946">
      <class name="com.etsy.qa.tests.HomePageTests">
        <test-method is-config="true" signature="setup()[pri:0, instance:com.etsy.qa.tests.HomePageTests@12b0404f]" started-at="2023-02-15T11:43:23 EST" name="setup" finished-at="2023-02-15T11:43:27 EST" duration-ms="4197" status="PASS">
          <reporter-output>
          </reporter-output>
        </test-method> <!-- setup -->
        <test-method signature="verifyTitleTest()[pri:1, instance:com.etsy.qa.tests.HomePageTests@12b0404f]" started-at="2023-02-15T11:43:27 EST" name="verifyTitleTest" finished-at="2023-02-15T11:43:27 EST" duration-ms="11" status="PASS">
          <reporter-output>
          </reporter-output>
        </test-method> <!-- verifyTitleTest -->
        <test-method is-config="true" signature="teardown()[pri:0, instance:com.etsy.qa.tests.HomePageTests@12b0404f]" started-at="2023-02-15T11:43:27 EST" name="teardown" finished-at="2023-02-15T11:43:27 EST" duration-ms="146" status="PASS">
          <reporter-output>
          </reporter-output>
        </test-method> <!-- teardown -->
        <test-method is-config="true" signature="setup()[pri:0, instance:com.etsy.qa.tests.HomePageTests@12b0404f]" started-at="2023-02-15T11:43:27 EST" name="setup" finished-at="2023-02-15T11:43:31 EST" duration-ms="3707" status="PASS">
          <reporter-output>
          </reporter-output>
        </test-method> <!-- setup -->
        <test-method signature="ClickOnJewelleryLinkTest()[pri:2, instance:com.etsy.qa.tests.HomePageTests@12b0404f]" started-at="2023-02-15T11:43:31 EST" name="ClickOnJewelleryLinkTest" finished-at="2023-02-15T11:43:38 EST" duration-ms="7192" status="PASS">
          <reporter-output>
          </reporter-output>
        </test-method> <!-- ClickOnJewelleryLinkTest -->
        <test-method is-config="true" signature="teardown()[pri:0, instance:com.etsy.qa.tests.HomePageTests@12b0404f]" started-at="2023-02-15T11:43:38 EST" name="teardown" finished-at="2023-02-15T11:43:38 EST" duration-ms="244" status="PASS">
          <reporter-output>
          </reporter-output>
        </test-method> <!-- teardown -->
        <test-method is-config="true" signature="setup()[pri:0, instance:com.etsy.qa.tests.HomePageTests@12b0404f]" started-at="2023-02-15T11:43:38 EST" name="setup" finished-at="2023-02-15T11:43:42 EST" duration-ms="3347" status="PASS">
          <reporter-output>
          </reporter-output>
        </test-method> <!-- setup -->
        <test-method signature="ClickOnClothinglinkTest()[pri:3, instance:com.etsy.qa.tests.HomePageTests@12b0404f]" started-at="2023-02-15T11:43:42 EST" name="ClickOnClothinglinkTest" finished-at="2023-02-15T11:43:48 EST" duration-ms="6611" status="PASS">
          <reporter-output>
          </reporter-output>
        </test-method> <!-- ClickOnClothinglinkTest -->
        <test-method is-config="true" signature="teardown()[pri:0, instance:com.etsy.qa.tests.HomePageTests@12b0404f]" started-at="2023-02-15T11:43:48 EST" name="teardown" finished-at="2023-02-15T11:43:49 EST" duration-ms="207" status="PASS">
          <reporter-output>
          </reporter-output>
        </test-method> <!-- teardown -->
        <test-method is-config="true" signature="setup()[pri:0, instance:com.etsy.qa.tests.HomePageTests@12b0404f]" started-at="2023-02-15T11:43:49 EST" name="setup" finished-at="2023-02-15T11:43:52 EST" duration-ms="3804" status="PASS">
          <reporter-output>
          </reporter-output>
        </test-method> <!-- setup -->
        <test-method signature="CValidateLogoTest()[pri:4, instance:com.etsy.qa.tests.HomePageTests@12b0404f]" started-at="2023-02-15T11:43:52 EST" name="CValidateLogoTest" finished-at="2023-02-15T11:43:53 EST" duration-ms="37" status="PASS">
          <reporter-output>
          </reporter-output>
        </test-method> <!-- CValidateLogoTest -->
        <test-method is-config="true" signature="teardown()[pri:0, instance:com.etsy.qa.tests.HomePageTests@12b0404f]" started-at="2023-02-15T11:43:53 EST" name="teardown" finished-at="2023-02-15T11:43:53 EST" duration-ms="143" status="PASS">
          <reporter-output>
          </reporter-output>
        </test-method> <!-- teardown -->
        <test-method is-config="true" signature="setup()[pri:0, instance:com.etsy.qa.tests.HomePageTests@12b0404f]" started-at="2023-02-15T11:43:53 EST" name="setup" finished-at="2023-02-15T11:43:56 EST" duration-ms="3701" status="PASS">
          <reporter-output>
          </reporter-output>
        </test-method> <!-- setup -->
        <test-method signature="CValidateUsernameTest()[pri:5, instance:com.etsy.qa.tests.HomePageTests@12b0404f]" started-at="2023-02-15T11:43:56 EST" name="CValidateUsernameTest" finished-at="2023-02-15T11:43:59 EST" duration-ms="2834" status="PASS">
          <reporter-output>
          </reporter-output>
        </test-method> <!-- CValidateUsernameTest -->
        <test-method is-config="true" signature="teardown()[pri:0, instance:com.etsy.qa.tests.HomePageTests@12b0404f]" started-at="2023-02-15T11:43:59 EST" name="teardown" finished-at="2023-02-15T11:43:59 EST" duration-ms="171" status="PASS">
          <reporter-output>
          </reporter-output>
        </test-method> <!-- teardown -->
      </class> <!-- com.etsy.qa.tests.HomePageTests -->
      <class name="com.etsy.qa.tests.RegistrationTest">
        <test-method is-config="true" signature="setup()[pri:0, instance:com.etsy.qa.tests.RegistrationTest@5276e6b0]" started-at="2023-02-15T11:44:39 EST" name="setup" finished-at="2023-02-15T11:44:46 EST" duration-ms="7305" status="PASS">
          <reporter-output>
          </reporter-output>
        </test-method> <!-- setup -->
        <test-method signature="verifycreatenewregistration(java.lang.String,java.lang.String,java.lang.String)[pri:2, instance:com.etsy.qa.tests.RegistrationTest@5276e6b0]" started-at="2023-02-15T11:44:46 EST" name="verifycreatenewregistration" data-provider="gettestdata" finished-at="2023-02-15T11:44:46 EST" duration-ms="279" status="PASS">
          <params>
            <param index="0">
              <value>
                <![CDATA[janedoe200@gmail.com]]>
              </value>
            </param>
            <param index="1">
              <value>
                <![CDATA[JaneD2]]>
              </value>
            </param>
            <param index="2">
              <value>
                <![CDATA[Test@1234]]>
              </value>
            </param>
          </params>
          <reporter-output>
          </reporter-output>
        </test-method> <!-- verifycreatenewregistration -->
        <test-method is-config="true" signature="teardown()[pri:0, instance:com.etsy.qa.tests.RegistrationTest@5276e6b0]" started-at="2023-02-15T11:44:46 EST" name="teardown" finished-at="2023-02-15T11:44:47 EST" duration-ms="188" status="PASS">
          <reporter-output>
          </reporter-output>
        </test-method> <!-- teardown -->
        <test-method is-config="true" signature="setup()[pri:0, instance:com.etsy.qa.tests.RegistrationTest@5276e6b0]" started-at="2023-02-15T11:44:47 EST" name="setup" finished-at="2023-02-15T11:44:54 EST" duration-ms="7114" status="PASS">
          <reporter-output>
          </reporter-output>
        </test-method> <!-- setup -->
        <test-method signature="verifycreatenewregistration(java.lang.String,java.lang.String,java.lang.String)[pri:2, instance:com.etsy.qa.tests.RegistrationTest@5276e6b0]" started-at="2023-02-15T11:44:54 EST" name="verifycreatenewregistration" data-provider="gettestdata" finished-at="2023-02-15T11:44:54 EST" duration-ms="278" status="PASS">
          <params>
            <param index="0">
              <value>
                <![CDATA[JohnDoe1100@yahoo.ca]]>
              </value>
            </param>
            <param index="1">
              <value>
                <![CDATA[JohnDoe12345]]>
              </value>
            </param>
            <param index="2">
              <value>
                <![CDATA[Test@12345]]>
              </value>
            </param>
          </params>
          <reporter-output>
          </reporter-output>
        </test-method> <!-- verifycreatenewregistration -->
        <test-method is-config="true" signature="teardown()[pri:0, instance:com.etsy.qa.tests.RegistrationTest@5276e6b0]" started-at="2023-02-15T11:44:54 EST" name="teardown" finished-at="2023-02-15T11:44:54 EST" duration-ms="191" status="PASS">
          <reporter-output>
          </reporter-output>
        </test-method> <!-- teardown -->
        <test-method is-config="true" signature="setup()[pri:0, instance:com.etsy.qa.tests.RegistrationTest@5276e6b0]" started-at="2023-02-15T11:44:54 EST" name="setup" finished-at="2023-02-15T11:45:02 EST" duration-ms="7724" status="PASS">
          <reporter-output>
          </reporter-output>
        </test-method> <!-- setup -->
        <test-method signature="verifycreatenewregistration(java.lang.String,java.lang.String,java.lang.String)[pri:2, instance:com.etsy.qa.tests.RegistrationTest@5276e6b0]" started-at="2023-02-15T11:45:02 EST" name="verifycreatenewregistration" data-provider="gettestdata" finished-at="2023-02-15T11:45:02 EST" duration-ms="273" status="PASS">
          <params>
            <param index="0">
              <value>
                <![CDATA[MichealBing@live.ca]]>
              </value>
            </param>
            <param index="1">
              <value>
                <![CDATA[MBing678]]>
              </value>
            </param>
            <param index="2">
              <value>
                <![CDATA[Test@098]]>
              </value>
            </param>
          </params>
          <reporter-output>
          </reporter-output>
        </test-method> <!-- verifycreatenewregistration -->
        <test-method is-config="true" signature="teardown()[pri:0, instance:com.etsy.qa.tests.RegistrationTest@5276e6b0]" started-at="2023-02-15T11:45:02 EST" name="teardown" finished-at="2023-02-15T11:45:02 EST" duration-ms="196" status="PASS">
          <reporter-output>
          </reporter-output>
        </test-method> <!-- teardown -->
      </class> <!-- com.etsy.qa.tests.RegistrationTest -->
      <class name="com.etsy.qa.tests.ClothingPageTest">
        <test-method is-config="true" signature="setup()[pri:0, instance:com.etsy.qa.tests.ClothingPageTest@223f3642]" started-at="2023-02-15T11:42:37 EST" name="setup" finished-at="2023-02-15T11:42:48 EST" duration-ms="10716" status="PASS">
          <reporter-output>
          </reporter-output>
        </test-method> <!-- setup -->
        <test-method signature="verifyTitleTest()[pri:1, instance:com.etsy.qa.tests.ClothingPageTest@223f3642]" started-at="2023-02-15T11:42:48 EST" name="verifyTitleTest" finished-at="2023-02-15T11:42:48 EST" duration-ms="43" status="PASS">
          <reporter-output>
          </reporter-output>
        </test-method> <!-- verifyTitleTest -->
        <test-method is-config="true" signature="teardown()[pri:0, instance:com.etsy.qa.tests.ClothingPageTest@223f3642]" started-at="2023-02-15T11:42:48 EST" name="teardown" finished-at="2023-02-15T11:42:48 EST" duration-ms="209" status="PASS">
          <reporter-output>
          </reporter-output>
        </test-method> <!-- teardown -->
        <test-method is-config="true" signature="setup()[pri:0, instance:com.etsy.qa.tests.ClothingPageTest@223f3642]" started-at="2023-02-15T11:42:48 EST" name="setup" finished-at="2023-02-15T11:43:00 EST" duration-ms="12021" status="PASS">
          <reporter-output>
          </reporter-output>
        </test-method> <!-- setup -->
        <test-method signature="ClothValidateLogoTest()[pri:2, instance:com.etsy.qa.tests.ClothingPageTest@223f3642]" started-at="2023-02-15T11:43:00 EST" name="ClothValidateLogoTest" finished-at="2023-02-15T11:43:00 EST" duration-ms="42" status="PASS">
          <reporter-output>
          </reporter-output>
        </test-method> <!-- ClothValidateLogoTest -->
        <test-method is-config="true" signature="teardown()[pri:0, instance:com.etsy.qa.tests.ClothingPageTest@223f3642]" started-at="2023-02-15T11:43:00 EST" name="teardown" finished-at="2023-02-15T11:43:00 EST" duration-ms="223" status="PASS">
          <reporter-output>
          </reporter-output>
        </test-method> <!-- teardown -->
        <test-method is-config="true" signature="setup()[pri:0, instance:com.etsy.qa.tests.ClothingPageTest@223f3642]" started-at="2023-02-15T11:43:00 EST" name="setup" finished-at="2023-02-15T11:43:10 EST" duration-ms="10040" status="PASS">
          <reporter-output>
          </reporter-output>
        </test-method> <!-- setup -->
        <test-method signature="sortinbytest()[pri:3, instance:com.etsy.qa.tests.ClothingPageTest@223f3642]" started-at="2023-02-15T11:43:10 EST" name="sortinbytest" finished-at="2023-02-15T11:43:12 EST" duration-ms="1529" status="PASS">
          <reporter-output>
          </reporter-output>
        </test-method> <!-- sortinbytest -->
        <test-method is-config="true" signature="teardown()[pri:0, instance:com.etsy.qa.tests.ClothingPageTest@223f3642]" started-at="2023-02-15T11:43:12 EST" name="teardown" finished-at="2023-02-15T11:43:12 EST" duration-ms="248" status="PASS">
          <reporter-output>
          </reporter-output>
        </test-method> <!-- teardown -->
        <test-method is-config="true" signature="setup()[pri:0, instance:com.etsy.qa.tests.ClothingPageTest@223f3642]" started-at="2023-02-15T11:43:12 EST" name="setup" finished-at="2023-02-15T11:43:20 EST" duration-ms="8391" status="PASS">
          <reporter-output>
          </reporter-output>
        </test-method> <!-- setup -->
        <test-method signature="Filterbytest()[pri:4, instance:com.etsy.qa.tests.ClothingPageTest@223f3642]" started-at="2023-02-15T11:43:20 EST" name="Filterbytest" finished-at="2023-02-15T11:43:23 EST" duration-ms="2534" status="PASS">
          <reporter-output>
          </reporter-output>
        </test-method> <!-- Filterbytest -->
        <test-method is-config="true" signature="teardown()[pri:0, instance:com.etsy.qa.tests.ClothingPageTest@223f3642]" started-at="2023-02-15T11:43:23 EST" name="teardown" finished-at="2023-02-15T11:43:23 EST" duration-ms="186" status="PASS">
          <reporter-output>
          </reporter-output>
        </test-method> <!-- teardown -->
      </class> <!-- com.etsy.qa.tests.ClothingPageTest -->
      <class name="com.etsy.qa.tests.JewelleryPageTest">
        <test-method is-config="true" signature="setup()[pri:0, instance:com.etsy.qa.tests.JewelleryPageTest@769e7ee8]" started-at="2023-02-15T11:43:59 EST" name="setup" finished-at="2023-02-15T11:44:08 EST" duration-ms="9019" status="PASS">
          <reporter-output>
          </reporter-output>
        </test-method> <!-- setup -->
        <test-method signature="verifyTitleTest()[pri:1, instance:com.etsy.qa.tests.JewelleryPageTest@769e7ee8]" started-at="2023-02-15T11:44:08 EST" name="verifyTitleTest" finished-at="2023-02-15T11:44:08 EST" duration-ms="31" status="PASS">
          <reporter-output>
          </reporter-output>
        </test-method> <!-- verifyTitleTest -->
        <test-method is-config="true" signature="teardown()[pri:0, instance:com.etsy.qa.tests.JewelleryPageTest@769e7ee8]" started-at="2023-02-15T11:44:08 EST" name="teardown" finished-at="2023-02-15T11:44:09 EST" duration-ms="134" status="PASS">
          <reporter-output>
          </reporter-output>
        </test-method> <!-- teardown -->
        <test-method is-config="true" signature="setup()[pri:0, instance:com.etsy.qa.tests.JewelleryPageTest@769e7ee8]" started-at="2023-02-15T11:44:09 EST" name="setup" finished-at="2023-02-15T11:44:18 EST" duration-ms="9138" status="PASS">
          <reporter-output>
          </reporter-output>
        </test-method> <!-- setup -->
        <test-method signature="JValidateLogoTest()[pri:2, instance:com.etsy.qa.tests.JewelleryPageTest@769e7ee8]" started-at="2023-02-15T11:44:18 EST" name="JValidateLogoTest" finished-at="2023-02-15T11:44:18 EST" duration-ms="55" status="PASS">
          <reporter-output>
          </reporter-output>
        </test-method> <!-- JValidateLogoTest -->
        <test-method is-config="true" signature="teardown()[pri:0, instance:com.etsy.qa.tests.JewelleryPageTest@769e7ee8]" started-at="2023-02-15T11:44:18 EST" name="teardown" finished-at="2023-02-15T11:44:18 EST" duration-ms="178" status="PASS">
          <reporter-output>
          </reporter-output>
        </test-method> <!-- teardown -->
        <test-method is-config="true" signature="setup()[pri:0, instance:com.etsy.qa.tests.JewelleryPageTest@769e7ee8]" started-at="2023-02-15T11:44:18 EST" name="setup" finished-at="2023-02-15T11:44:26 EST" duration-ms="8499" status="PASS">
          <reporter-output>
          </reporter-output>
        </test-method> <!-- setup -->
        <test-method signature="sortinbytest()[pri:3, instance:com.etsy.qa.tests.JewelleryPageTest@769e7ee8]" started-at="2023-02-15T11:44:26 EST" name="sortinbytest" finished-at="2023-02-15T11:44:27 EST" duration-ms="99" status="PASS">
          <reporter-output>
          </reporter-output>
        </test-method> <!-- sortinbytest -->
        <test-method is-config="true" signature="teardown()[pri:0, instance:com.etsy.qa.tests.JewelleryPageTest@769e7ee8]" started-at="2023-02-15T11:44:27 EST" name="teardown" finished-at="2023-02-15T11:44:27 EST" duration-ms="178" status="PASS">
          <reporter-output>
          </reporter-output>
        </test-method> <!-- teardown -->
        <test-method is-config="true" signature="setup()[pri:0, instance:com.etsy.qa.tests.JewelleryPageTest@769e7ee8]" started-at="2023-02-15T11:44:27 EST" name="setup" finished-at="2023-02-15T11:44:36 EST" duration-ms="8915" status="PASS">
          <reporter-output>
          </reporter-output>
        </test-method> <!-- setup -->
        <test-method signature="Filterbytest()[pri:4, instance:com.etsy.qa.tests.JewelleryPageTest@769e7ee8]" started-at="2023-02-15T11:44:36 EST" name="Filterbytest" finished-at="2023-02-15T11:44:38 EST" duration-ms="2370" status="PASS">
          <reporter-output>
          </reporter-output>
        </test-method> <!-- Filterbytest -->
        <test-method is-config="true" signature="teardown()[pri:0, instance:com.etsy.qa.tests.JewelleryPageTest@769e7ee8]" started-at="2023-02-15T11:44:38 EST" name="teardown" finished-at="2023-02-15T11:44:38 EST" duration-ms="208" status="PASS">
          <reporter-output>
          </reporter-output>
        </test-method> <!-- teardown -->
      </class> <!-- com.etsy.qa.tests.JewelleryPageTest -->
      <class name="com.etsy.qa.tests.SignInTest">
        <test-method is-config="true" signature="setup()[pri:0, instance:com.etsy.qa.tests.SignInTest@71b1176b]" started-at="2023-02-15T11:45:02 EST" name="setup" finished-at="2023-02-15T11:45:06 EST" duration-ms="3192" status="PASS">
          <reporter-output>
          </reporter-output>
        </test-method> <!-- setup -->
        <test-method signature="ClickOnSignInTest()[pri:1, instance:com.etsy.qa.tests.SignInTest@71b1176b]" started-at="2023-02-15T11:45:06 EST" name="ClickOnSignInTest" finished-at="2023-02-15T11:45:06 EST" duration-ms="82" status="PASS">
          <reporter-output>
          </reporter-output>
        </test-method> <!-- ClickOnSignInTest -->
        <test-method is-config="true" signature="teardown()[pri:0, instance:com.etsy.qa.tests.SignInTest@71b1176b]" started-at="2023-02-15T11:45:06 EST" name="teardown" finished-at="2023-02-15T11:45:06 EST" duration-ms="182" status="PASS">
          <reporter-output>
          </reporter-output>
        </test-method> <!-- teardown -->
        <test-method is-config="true" signature="setup()[pri:0, instance:com.etsy.qa.tests.SignInTest@71b1176b]" started-at="2023-02-15T11:45:06 EST" name="setup" finished-at="2023-02-15T11:45:09 EST" duration-ms="3125" status="PASS">
          <reporter-output>
          </reporter-output>
        </test-method> <!-- setup -->
        <test-method signature="SignInTest1()[pri:2, instance:com.etsy.qa.tests.SignInTest@71b1176b]" started-at="2023-02-15T11:45:09 EST" name="SignInTest1" finished-at="2023-02-15T11:45:10 EST" duration-ms="729" status="PASS">
          <reporter-output>
          </reporter-output>
        </test-method> <!-- SignInTest1 -->
        <test-method is-config="true" signature="teardown()[pri:0, instance:com.etsy.qa.tests.SignInTest@71b1176b]" started-at="2023-02-15T11:45:10 EST" name="teardown" finished-at="2023-02-15T11:45:10 EST" duration-ms="187" status="PASS">
          <reporter-output>
          </reporter-output>
        </test-method> <!-- teardown -->
        <test-method is-config="true" signature="setup()[pri:0, instance:com.etsy.qa.tests.SignInTest@71b1176b]" started-at="2023-02-15T11:45:10 EST" name="setup" finished-at="2023-02-15T11:45:13 EST" duration-ms="3275" status="PASS">
          <reporter-output>
          </reporter-output>
        </test-method> <!-- setup -->
        <test-method signature="ClickOnRegistrationTest()[pri:3, instance:com.etsy.qa.tests.SignInTest@71b1176b]" started-at="2023-02-15T11:45:13 EST" name="ClickOnRegistrationTest" finished-at="2023-02-15T11:45:14 EST" duration-ms="452" status="PASS">
          <reporter-output>
          </reporter-output>
        </test-method> <!-- ClickOnRegistrationTest -->
        <test-method is-config="true" signature="teardown()[pri:0, instance:com.etsy.qa.tests.SignInTest@71b1176b]" started-at="2023-02-15T11:45:14 EST" name="teardown" finished-at="2023-02-15T11:45:14 EST" duration-ms="126" status="PASS">
          <reporter-output>
          </reporter-output>
        </test-method> <!-- teardown -->
      </class> <!-- com.etsy.qa.tests.SignInTest -->
    </test> <!-- Surefire test -->
  </suite> <!-- Surefire suite -->
</testng-results>
