<?xml version="1.0" encoding="UTF-8"?>
<testng-results ignored="0" total="19" passed="19" failed="0" skipped="0">
  <reporter-output>
  </reporter-output>
  <suite started-at="2023-02-15T09:23:20 EST" name="ETSY Automation Test Suite" finished-at="2023-02-15T09:26:05 EST" duration-ms="165547">
    <groups>
    </groups>
    <test started-at="2023-02-15T09:23:20 EST" name="ETSY Test Cases" finished-at="2023-02-15T09:26:05 EST" duration-ms="165547">
      <class name="com.etsy.qa.tests.HomePageTests">
        <test-method is-config="true" signature="setup()[pri:0, instance:com.etsy.qa.tests.HomePageTests@1349883]" started-at="2023-02-15T09:23:35 EST" name="setup" finished-at="2023-02-15T09:23:39 EST" duration-ms="3747" status="PASS">
          <reporter-output>
          </reporter-output>
        </test-method> <!-- setup -->
        <test-method signature="verifyTitleTest()[pri:1, instance:com.etsy.qa.tests.HomePageTests@1349883]" started-at="2023-02-15T09:23:39 EST" name="verifyTitleTest" finished-at="2023-02-15T09:23:39 EST" duration-ms="8" status="PASS">
          <reporter-output>
          </reporter-output>
        </test-method> <!-- verifyTitleTest -->
        <test-method is-config="true" signature="teardown()[pri:0, instance:com.etsy.qa.tests.HomePageTests@1349883]" started-at="2023-02-15T09:23:39 EST" name="teardown" finished-at="2023-02-15T09:23:39 EST" duration-ms="650" status="PASS">
          <reporter-output>
          </reporter-output>
        </test-method> <!-- teardown -->
        <test-method is-config="true" signature="setup()[pri:0, instance:com.etsy.qa.tests.HomePageTests@1349883]" started-at="2023-02-15T09:23:39 EST" name="setup" finished-at="2023-02-15T09:23:43 EST" duration-ms="3784" status="PASS">
          <reporter-output>
          </reporter-output>
        </test-method> <!-- setup -->
        <test-method signature="ClickOnJewelleryLinkTest()[pri:2, instance:com.etsy.qa.tests.HomePageTests@1349883]" started-at="2023-02-15T09:23:43 EST" name="ClickOnJewelleryLinkTest" finished-at="2023-02-15T09:23:51 EST" duration-ms="7355" status="PASS">
          <reporter-output>
          </reporter-output>
        </test-method> <!-- ClickOnJewelleryLinkTest -->
        <test-method is-config="true" signature="teardown()[pri:0, instance:com.etsy.qa.tests.HomePageTests@1349883]" started-at="2023-02-15T09:23:51 EST" name="teardown" finished-at="2023-02-15T09:23:51 EST" duration-ms="695" status="PASS">
          <reporter-output>
          </reporter-output>
        </test-method> <!-- teardown -->
        <test-method is-config="true" signature="setup()[pri:0, instance:com.etsy.qa.tests.HomePageTests@1349883]" started-at="2023-02-15T09:23:51 EST" name="setup" finished-at="2023-02-15T09:23:55 EST" duration-ms="3727" status="PASS">
          <reporter-output>
          </reporter-output>
        </test-method> <!-- setup -->
        <test-method signature="ClickOnClothinglinkTest()[pri:3, instance:com.etsy.qa.tests.HomePageTests@1349883]" started-at="2023-02-15T09:23:55 EST" name="ClickOnClothinglinkTest" finished-at="2023-02-15T09:24:02 EST" duration-ms="6771" status="PASS">
          <reporter-output>
          </reporter-output>
        </test-method> <!-- ClickOnClothinglinkTest -->
        <test-method is-config="true" signature="teardown()[pri:0, instance:com.etsy.qa.tests.HomePageTests@1349883]" started-at="2023-02-15T09:24:02 EST" name="teardown" finished-at="2023-02-15T09:24:02 EST" duration-ms="772" status="PASS">
          <reporter-output>
          </reporter-output>
        </test-method> <!-- teardown -->
        <test-method is-config="true" signature="setup()[pri:0, instance:com.etsy.qa.tests.HomePageTests@1349883]" started-at="2023-02-15T09:24:02 EST" name="setup" finished-at="2023-02-15T09:24:06 EST" duration-ms="3722" status="PASS">
          <reporter-output>
          </reporter-output>
        </test-method> <!-- setup -->
        <test-method signature="CValidateLogoTest()[pri:4, instance:com.etsy.qa.tests.HomePageTests@1349883]" started-at="2023-02-15T09:24:06 EST" name="CValidateLogoTest" finished-at="2023-02-15T09:24:06 EST" duration-ms="37" status="PASS">
          <reporter-output>
          </reporter-output>
        </test-method> <!-- CValidateLogoTest -->
        <test-method is-config="true" signature="teardown()[pri:0, instance:com.etsy.qa.tests.HomePageTests@1349883]" started-at="2023-02-15T09:24:06 EST" name="teardown" finished-at="2023-02-15T09:24:07 EST" duration-ms="647" status="PASS">
          <reporter-output>
          </reporter-output>
        </test-method> <!-- teardown -->
        <test-method is-config="true" signature="setup()[pri:0, instance:com.etsy.qa.tests.HomePageTests@1349883]" started-at="2023-02-15T09:24:07 EST" name="setup" finished-at="2023-02-15T09:24:10 EST" duration-ms="3554" status="PASS">
          <reporter-output>
          </reporter-output>
        </test-method> <!-- setup -->
        <test-method signature="CValidateUsernameTest()[pri:5, instance:com.etsy.qa.tests.HomePageTests@1349883]" started-at="2023-02-15T09:24:10 EST" name="CValidateUsernameTest" finished-at="2023-02-15T09:24:13 EST" duration-ms="2977" status="PASS">
          <reporter-output>
          </reporter-output>
        </test-method> <!-- CValidateUsernameTest -->
        <test-method is-config="true" signature="teardown()[pri:0, instance:com.etsy.qa.tests.HomePageTests@1349883]" started-at="2023-02-15T09:24:13 EST" name="teardown" finished-at="2023-02-15T09:24:14 EST" duration-ms="649" status="PASS">
          <reporter-output>
          </reporter-output>
        </test-method> <!-- teardown -->
      </class> <!-- com.etsy.qa.tests.HomePageTests -->
      <class name="com.etsy.qa.tests.RegistrationTest">
        <test-method is-config="true" signature="setup()[pri:0, instance:com.etsy.qa.tests.RegistrationTest@4b29d1d2]" started-at="2023-02-15T09:24:15 EST" name="setup" finished-at="2023-02-15T09:24:23 EST" duration-ms="7669" status="PASS">
          <reporter-output>
          </reporter-output>
        </test-method> <!-- setup -->
        <test-method signature="verifycreatenewregistration(java.lang.String,java.lang.String,java.lang.String)[pri:2, instance:com.etsy.qa.tests.RegistrationTest@4b29d1d2]" started-at="2023-02-15T09:24:23 EST" name="verifycreatenewregistration" data-provider="gettestdata" finished-at="2023-02-15T09:24:23 EST" duration-ms="278" status="PASS">
          <params>
            <param index="0">
              <value>
                <![CDATA[janedoe200@gmail.com]]>
              </value>
            </param>
            <param index="1">
              <value>
                <![CDATA[JaneD2]]>
              </value>
            </param>
            <param index="2">
              <value>
                <![CDATA[Test@1234]]>
              </value>
            </param>
          </params>
          <reporter-output>
          </reporter-output>
        </test-method> <!-- verifycreatenewregistration -->
        <test-method is-config="true" signature="teardown()[pri:0, instance:com.etsy.qa.tests.RegistrationTest@4b29d1d2]" started-at="2023-02-15T09:24:23 EST" name="teardown" finished-at="2023-02-15T09:24:24 EST" duration-ms="640" status="PASS">
          <reporter-output>
          </reporter-output>
        </test-method> <!-- teardown -->
        <test-method is-config="true" signature="setup()[pri:0, instance:com.etsy.qa.tests.RegistrationTest@4b29d1d2]" started-at="2023-02-15T09:24:24 EST" name="setup" finished-at="2023-02-15T09:24:31 EST" duration-ms="7246" status="PASS">
          <reporter-output>
          </reporter-output>
        </test-method> <!-- setup -->
        <test-method signature="verifycreatenewregistration(java.lang.String,java.lang.String,java.lang.String)[pri:2, instance:com.etsy.qa.tests.RegistrationTest@4b29d1d2]" started-at="2023-02-15T09:24:31 EST" name="verifycreatenewregistration" data-provider="gettestdata" finished-at="2023-02-15T09:24:31 EST" duration-ms="275" status="PASS">
          <params>
            <param index="0">
              <value>
                <![CDATA[JohnDoe1100@yahoo.ca]]>
              </value>
            </param>
            <param index="1">
              <value>
                <![CDATA[JohnDoe12345]]>
              </value>
            </param>
            <param index="2">
              <value>
                <![CDATA[Test@12345]]>
              </value>
            </param>
          </params>
          <reporter-output>
          </reporter-output>
        </test-method> <!-- verifycreatenewregistration -->
        <test-method is-config="true" signature="teardown()[pri:0, instance:com.etsy.qa.tests.RegistrationTest@4b29d1d2]" started-at="2023-02-15T09:24:31 EST" name="teardown" finished-at="2023-02-15T09:24:32 EST" duration-ms="645" status="PASS">
          <reporter-output>
          </reporter-output>
        </test-method> <!-- teardown -->
        <test-method is-config="true" signature="setup()[pri:0, instance:com.etsy.qa.tests.RegistrationTest@4b29d1d2]" started-at="2023-02-15T09:24:32 EST" name="setup" finished-at="2023-02-15T09:24:40 EST" duration-ms="7907" status="PASS">
          <reporter-output>
          </reporter-output>
        </test-method> <!-- setup -->
        <test-method signature="verifycreatenewregistration(java.lang.String,java.lang.String,java.lang.String)[pri:2, instance:com.etsy.qa.tests.RegistrationTest@4b29d1d2]" started-at="2023-02-15T09:24:40 EST" name="verifycreatenewregistration" data-provider="gettestdata" finished-at="2023-02-15T09:24:40 EST" duration-ms="266" status="PASS">
          <params>
            <param index="0">
              <value>
                <![CDATA[MichealBing@live.ca]]>
              </value>
            </param>
            <param index="1">
              <value>
                <![CDATA[MBing678]]>
              </value>
            </param>
            <param index="2">
              <value>
                <![CDATA[Test@098]]>
              </value>
            </param>
          </params>
          <reporter-output>
          </reporter-output>
        </test-method> <!-- verifycreatenewregistration -->
        <test-method is-config="true" signature="teardown()[pri:0, instance:com.etsy.qa.tests.RegistrationTest@4b29d1d2]" started-at="2023-02-15T09:24:40 EST" name="teardown" finished-at="2023-02-15T09:24:41 EST" duration-ms="687" status="PASS">
          <reporter-output>
          </reporter-output>
        </test-method> <!-- teardown -->
      </class> <!-- com.etsy.qa.tests.RegistrationTest -->
      <class name="com.etsy.qa.tests.ClothingPageTest">
        <test-method is-config="true" signature="setup()[pri:0, instance:com.etsy.qa.tests.ClothingPageTest@28261e8e]" started-at="2023-02-15T09:25:22 EST" name="setup" finished-at="2023-02-15T09:25:31 EST" duration-ms="8702" status="PASS">
          <reporter-output>
          </reporter-output>
        </test-method> <!-- setup -->
        <test-method signature="verifyTitleTest()[pri:1, instance:com.etsy.qa.tests.ClothingPageTest@28261e8e]" started-at="2023-02-15T09:25:31 EST" name="verifyTitleTest" finished-at="2023-02-15T09:25:31 EST" duration-ms="37" status="PASS">
          <reporter-output>
          </reporter-output>
        </test-method> <!-- verifyTitleTest -->
        <test-method is-config="true" signature="teardown()[pri:0, instance:com.etsy.qa.tests.ClothingPageTest@28261e8e]" started-at="2023-02-15T09:25:31 EST" name="teardown" finished-at="2023-02-15T09:25:31 EST" duration-ms="657" status="PASS">
          <reporter-output>
          </reporter-output>
        </test-method> <!-- teardown -->
        <test-method is-config="true" signature="setup()[pri:0, instance:com.etsy.qa.tests.ClothingPageTest@28261e8e]" started-at="2023-02-15T09:25:31 EST" name="setup" finished-at="2023-02-15T09:25:40 EST" duration-ms="8693" status="PASS">
          <reporter-output>
          </reporter-output>
        </test-method> <!-- setup -->
        <test-method signature="ClothValidateLogoTest()[pri:2, instance:com.etsy.qa.tests.ClothingPageTest@28261e8e]" started-at="2023-02-15T09:25:40 EST" name="ClothValidateLogoTest" finished-at="2023-02-15T09:25:40 EST" duration-ms="84" status="PASS">
          <reporter-output>
          </reporter-output>
        </test-method> <!-- ClothValidateLogoTest -->
        <test-method is-config="true" signature="teardown()[pri:0, instance:com.etsy.qa.tests.ClothingPageTest@28261e8e]" started-at="2023-02-15T09:25:40 EST" name="teardown" finished-at="2023-02-15T09:25:41 EST" duration-ms="653" status="PASS">
          <reporter-output>
          </reporter-output>
        </test-method> <!-- teardown -->
        <test-method is-config="true" signature="setup()[pri:0, instance:com.etsy.qa.tests.ClothingPageTest@28261e8e]" started-at="2023-02-15T09:25:41 EST" name="setup" finished-at="2023-02-15T09:25:51 EST" duration-ms="10082" status="PASS">
          <reporter-output>
          </reporter-output>
        </test-method> <!-- setup -->
        <test-method signature="sortinbytest()[pri:3, instance:com.etsy.qa.tests.ClothingPageTest@28261e8e]" started-at="2023-02-15T09:25:51 EST" name="sortinbytest" finished-at="2023-02-15T09:25:53 EST" duration-ms="1747" status="PASS">
          <reporter-output>
          </reporter-output>
        </test-method> <!-- sortinbytest -->
        <test-method is-config="true" signature="teardown()[pri:0, instance:com.etsy.qa.tests.ClothingPageTest@28261e8e]" started-at="2023-02-15T09:25:53 EST" name="teardown" finished-at="2023-02-15T09:25:53 EST" duration-ms="667" status="PASS">
          <reporter-output>
          </reporter-output>
        </test-method> <!-- teardown -->
        <test-method is-config="true" signature="setup()[pri:0, instance:com.etsy.qa.tests.ClothingPageTest@28261e8e]" started-at="2023-02-15T09:25:53 EST" name="setup" finished-at="2023-02-15T09:26:02 EST" duration-ms="8708" status="PASS">
          <reporter-output>
          </reporter-output>
        </test-method> <!-- setup -->
        <test-method signature="Filterbytest()[pri:4, instance:com.etsy.qa.tests.ClothingPageTest@28261e8e]" started-at="2023-02-15T09:26:02 EST" name="Filterbytest" finished-at="2023-02-15T09:26:04 EST" duration-ms="2411" status="PASS">
          <reporter-output>
          </reporter-output>
        </test-method> <!-- Filterbytest -->
        <test-method is-config="true" signature="teardown()[pri:0, instance:com.etsy.qa.tests.ClothingPageTest@28261e8e]" started-at="2023-02-15T09:26:04 EST" name="teardown" finished-at="2023-02-15T09:26:05 EST" duration-ms="680" status="PASS">
          <reporter-output>
          </reporter-output>
        </test-method> <!-- teardown -->
      </class> <!-- com.etsy.qa.tests.ClothingPageTest -->
      <class name="com.etsy.qa.tests.JewelleryPageTest">
        <test-method is-config="true" signature="setup()[pri:0, instance:com.etsy.qa.tests.JewelleryPageTest@7f485fda]" started-at="2023-02-15T09:24:41 EST" name="setup" finished-at="2023-02-15T09:24:50 EST" duration-ms="9596" status="PASS">
          <reporter-output>
          </reporter-output>
        </test-method> <!-- setup -->
        <test-method signature="verifyTitleTest()[pri:1, instance:com.etsy.qa.tests.JewelleryPageTest@7f485fda]" started-at="2023-02-15T09:24:50 EST" name="verifyTitleTest" finished-at="2023-02-15T09:24:50 EST" duration-ms="33" status="PASS">
          <reporter-output>
          </reporter-output>
        </test-method> <!-- verifyTitleTest -->
        <test-method is-config="true" signature="teardown()[pri:0, instance:com.etsy.qa.tests.JewelleryPageTest@7f485fda]" started-at="2023-02-15T09:24:50 EST" name="teardown" finished-at="2023-02-15T09:24:51 EST" duration-ms="635" status="PASS">
          <reporter-output>
          </reporter-output>
        </test-method> <!-- teardown -->
        <test-method is-config="true" signature="setup()[pri:0, instance:com.etsy.qa.tests.JewelleryPageTest@7f485fda]" started-at="2023-02-15T09:24:51 EST" name="setup" finished-at="2023-02-15T09:25:00 EST" duration-ms="8686" status="PASS">
          <reporter-output>
          </reporter-output>
        </test-method> <!-- setup -->
        <test-method signature="JValidateLogoTest()[pri:2, instance:com.etsy.qa.tests.JewelleryPageTest@7f485fda]" started-at="2023-02-15T09:25:00 EST" name="JValidateLogoTest" finished-at="2023-02-15T09:25:00 EST" duration-ms="96" status="PASS">
          <reporter-output>
          </reporter-output>
        </test-method> <!-- JValidateLogoTest -->
        <test-method is-config="true" signature="teardown()[pri:0, instance:com.etsy.qa.tests.JewelleryPageTest@7f485fda]" started-at="2023-02-15T09:25:00 EST" name="teardown" finished-at="2023-02-15T09:25:00 EST" duration-ms="666" status="PASS">
          <reporter-output>
          </reporter-output>
        </test-method> <!-- teardown -->
        <test-method is-config="true" signature="setup()[pri:0, instance:com.etsy.qa.tests.JewelleryPageTest@7f485fda]" started-at="2023-02-15T09:25:00 EST" name="setup" finished-at="2023-02-15T09:25:09 EST" duration-ms="8814" status="PASS">
          <reporter-output>
          </reporter-output>
        </test-method> <!-- setup -->
        <test-method signature="sortinbytest()[pri:3, instance:com.etsy.qa.tests.JewelleryPageTest@7f485fda]" started-at="2023-02-15T09:25:09 EST" name="sortinbytest" finished-at="2023-02-15T09:25:09 EST" duration-ms="145" status="PASS">
          <reporter-output>
          </reporter-output>
        </test-method> <!-- sortinbytest -->
        <test-method is-config="true" signature="teardown()[pri:0, instance:com.etsy.qa.tests.JewelleryPageTest@7f485fda]" started-at="2023-02-15T09:25:09 EST" name="teardown" finished-at="2023-02-15T09:25:10 EST" duration-ms="703" status="PASS">
          <reporter-output>
          </reporter-output>
        </test-method> <!-- teardown -->
        <test-method is-config="true" signature="setup()[pri:0, instance:com.etsy.qa.tests.JewelleryPageTest@7f485fda]" started-at="2023-02-15T09:25:10 EST" name="setup" finished-at="2023-02-15T09:25:19 EST" duration-ms="9112" status="PASS">
          <reporter-output>
          </reporter-output>
        </test-method> <!-- setup -->
        <test-method signature="Filterbytest()[pri:4, instance:com.etsy.qa.tests.JewelleryPageTest@7f485fda]" started-at="2023-02-15T09:25:19 EST" name="Filterbytest" finished-at="2023-02-15T09:25:21 EST" duration-ms="2126" status="PASS">
          <reporter-output>
          </reporter-output>
        </test-method> <!-- Filterbytest -->
        <test-method is-config="true" signature="teardown()[pri:0, instance:com.etsy.qa.tests.JewelleryPageTest@7f485fda]" started-at="2023-02-15T09:25:21 EST" name="teardown" finished-at="2023-02-15T09:25:22 EST" duration-ms="648" status="PASS">
          <reporter-output>
          </reporter-output>
        </test-method> <!-- teardown -->
      </class> <!-- com.etsy.qa.tests.JewelleryPageTest -->
      <class name="com.etsy.qa.tests.SignInTest">
        <test-method is-config="true" signature="setup()[pri:0, instance:com.etsy.qa.tests.SignInTest@449a4f23]" started-at="2023-02-15T09:23:20 EST" name="setup" finished-at="2023-02-15T09:23:26 EST" duration-ms="6223" status="PASS">
          <reporter-output>
          </reporter-output>
        </test-method> <!-- setup -->
        <test-method signature="ClickOnSignInTest()[pri:1, instance:com.etsy.qa.tests.SignInTest@449a4f23]" started-at="2023-02-15T09:23:26 EST" name="ClickOnSignInTest" finished-at="2023-02-15T09:23:26 EST" duration-ms="85" status="PASS">
          <reporter-output>
          </reporter-output>
        </test-method> <!-- ClickOnSignInTest -->
        <test-method is-config="true" signature="teardown()[pri:0, instance:com.etsy.qa.tests.SignInTest@449a4f23]" started-at="2023-02-15T09:23:26 EST" name="teardown" finished-at="2023-02-15T09:23:27 EST" duration-ms="682" status="PASS">
          <reporter-output>
          </reporter-output>
        </test-method> <!-- teardown -->
        <test-method is-config="true" signature="setup()[pri:0, instance:com.etsy.qa.tests.SignInTest@449a4f23]" started-at="2023-02-15T09:23:27 EST" name="setup" finished-at="2023-02-15T09:23:30 EST" duration-ms="3075" status="PASS">
          <reporter-output>
          </reporter-output>
        </test-method> <!-- setup -->
        <test-method signature="SignInTest1()[pri:2, instance:com.etsy.qa.tests.SignInTest@449a4f23]" started-at="2023-02-15T09:23:30 EST" name="SignInTest1" finished-at="2023-02-15T09:23:30 EST" duration-ms="708" status="PASS">
          <reporter-output>
          </reporter-output>
        </test-method> <!-- SignInTest1 -->
        <test-method is-config="true" signature="teardown()[pri:0, instance:com.etsy.qa.tests.SignInTest@449a4f23]" started-at="2023-02-15T09:23:30 EST" name="teardown" finished-at="2023-02-15T09:23:31 EST" duration-ms="631" status="PASS">
          <reporter-output>
          </reporter-output>
        </test-method> <!-- teardown -->
        <test-method is-config="true" signature="setup()[pri:0, instance:com.etsy.qa.tests.SignInTest@449a4f23]" started-at="2023-02-15T09:23:31 EST" name="setup" finished-at="2023-02-15T09:23:34 EST" duration-ms="3084" status="PASS">
          <reporter-output>
          </reporter-output>
        </test-method> <!-- setup -->
        <test-method signature="ClickOnRegistrationTest()[pri:3, instance:com.etsy.qa.tests.SignInTest@449a4f23]" started-at="2023-02-15T09:23:34 EST" name="ClickOnRegistrationTest" finished-at="2023-02-15T09:23:34 EST" duration-ms="280" status="PASS">
          <reporter-output>
          </reporter-output>
        </test-method> <!-- ClickOnRegistrationTest -->
        <test-method is-config="true" signature="teardown()[pri:0, instance:com.etsy.qa.tests.SignInTest@449a4f23]" started-at="2023-02-15T09:23:34 EST" name="teardown" finished-at="2023-02-15T09:23:35 EST" duration-ms="642" status="PASS">
          <reporter-output>
          </reporter-output>
        </test-method> <!-- teardown -->
      </class> <!-- com.etsy.qa.tests.SignInTest -->
    </test> <!-- ETSY Test Cases -->
  </suite> <!-- ETSY Automation Test Suite -->
</testng-results>
